80
3
93
94
97
38
13
58
64
91
97
87
84
90
3
99
83
67
63
70
21
2
98
99
10
99
92
77
98
44
65
74
27
92
74
98
59
16
16
67
93
69
51
66
70
68
78
100
96
19
61
55
41
100
48
100
92
88
100
93
100
79
68
25
51
100
98
58
99
1
32
6
64
85
100
53
11
100
80
29
84
59
12
91
73
96
96
6
96
2
88
59
29
100
69
96
97
64
42
98
73
79
73
51
88
88
71
42
46
83
100
100
100
70
83
65
91
26
3
10
100
76
52
73
77
15
100
90
73
50
93
97
100
53
96
26
34
100
45
100
42
69
98
100
100
56
96
86
33
18
98
100
51
60
97
81
17
90
94
92
63
40
32
91
33
72
85
100
17
31
99
44
87
62
50
98
0
99
17
94
87
30
61
59
8
67
100
92
84
98
76
70
45
7
61
79
100
84
77
66
46
43
87
66
57
73
93
95
50
100
86
0
45
94
9
7
28
97
31
66
93
56
62
17
100
100
100
36
84
91
66
82
85
69
19
95
100
100
50
69
32
60
65
42
79
97
87
100
47
0
51
73
5
77
66
87
86
99
77
57
83
62
100
97
98
63
88
86
92
62
30
56
96
58
100
76
100
54
56
65
99
81
62
77
94
100
83
64
99
87
37
42
27
98
94
44
96
100
6
77
8
100
98
87
92
11
100
23
90
78
82
65
78
100
96
88
28
100
75
38
19
30
100
97
56
15
100
56
9
22
100
92
88
72
59
41
52
97
98
11
13
10
77
84
35
62
56
9
20
92
65
51
100
69
84
16
100
38
58
46
93
82
58
100
100
90
62
4
32
44
99
17
97
32
27
10
84
32
78
95
91
56
96
80
2
86
60
48
97
34
43
90
62
84
72
37
99
100
74
89
95
46
56
76
94
86
63
97
97
28
76
97
100
100
77
57
100
100
7
64
71
73
100
98
78
100
100
87
50
100
24
96
100
73
57
100
89
7
46
97
51
69
100
26
63
54
43
56
93
74
92
52
82
62
56
9
30
60
86
27
60
100
97
16
82
95
69
67
100
73
28
100
86
100
99
95
95
100
100
89
100
91
75
80
68
100
46
89
76
70
92
67
66
72
1
75
69
37
38
96
89
83
91
82
39
33
80
99
84
40
47
100
8
100
100
92
93
67
19
100
14
82
97
69
70
88
2
60
85
66
86
77
1
51
13
97
99
36
100
77
3
98
99
98
46
95
20
32
94
100
18
79
20
79
100
84
11
16
21
100
78
88
84
59
19
87
58
82
25
94
100
23
72
96
80
6
40
76
97
84
92
80
99
92
100
100
93
100
99
35
84
46
3
68
92
100
22
82
56
49
2
16
45
58
100
69
26
51
67
98
98
97
88
92
100
99
75
90
68
70
75
33
93
100
50
92
82
100
85
45
100
59
44
6
100
100
8
25
100
100
62
98
73
99
19
24
100
96
99
1
46
62
71
65
58
84
100
98
84
48
13
65
72
13
98
88
92
44
100
99
57
96
86
89
52
37
78
73
73
93
99
99
95
99
78
41
16
99
32
16
53
16
89
33
93
99
32
33
59
72
55
99
88
98
8
73
56
51
2
24
53
100
34
4
7
86
42
100
55
29
40
33
33
61
25
23
100
100
5
0
85
50
94
100
91
74
93
14
95
80
94
94
12
76
96
68
17
46
98
7
73
12
58
96
18
36
81
92
87
92
75
93
57
31
100
20
2
91
66
48
91
98
53
69
20
91
96
67
80
55
87
100
66
10
71
45
78
78
80
72
97
41
76
88
42
100
73
100
74
53
94
86
97
27
92
100
82
18
100
84
48
100
74
100
100
33
20
76
19
68
100
100
100
100
88
87
78
29
36
100
2
91
89
85
61
77
85
89
100
99
93
34
80
81
99
45
68
91
99
40
66
79
98
30
41
82
100
16
17
96
86
90
16
47
77
80
83
86
82
24
70
8
14
51
22
1
4
86
65
23
74
94
98
88
35
95
92
74
2
15
59
35
50
30
96
38
89
47
100
88
40
38
25
5
46
97
20
43
98
96
22
93
77
96
100
6
100
41
31
4
88
100
69
99
68
100
97
91
100
38
90
100
48
96
100
89
17
24
82
99
99
51
98
98
53
32
80
26
80
97
82
94
73
56
85
100
96
16
99
18
90
91
25
52
100
85
7
52
85
19
87
79
29
2
18
77
100
35
99
96
26
94
67
29
91
70
90
100
100
78
86
42
99
44
99
92
1
49
90
75
99
75
99
44
19
77
23
48
22
71
65
38
70
93
9
1
97
69
6
72
92
74
69
40
57
82
29
71
67
100
17
11
83
31
61
15
100
89
8
43
100
59
29
59
100
25
94
78
58
81
99
16
81
94
70
93
90
10
85
99
33
99
75
81
99
99
11
71
84
8
99
74
100
85
87
40
1
87
82
82
99
33
33
99
99
100
80
6
2
42
53
93
25
40
42
56
99
69
98
90
97
100
12
59
86
57
100
23
9
60
97
100
82
49
100
69
71
100
28
52
31
65
100
62
37
40
34
40
97
89
98
80
24
70
85
99
47
92
67
100
99
100
16
100
94
32
97
100
92
100
49
2
86
68
79
43
93
12
100
99
3
99
80
42
44
90
54
99
86
76
61
86
1
100
91
76
95
5
88
18
84
44
67
72
9
46
42
100
54
24
91
88
72
48
58
78
46
97
92
89
100
100
75
32
92
0
19
100
1
41
74
72
33
48
13
20
62
90
39
58
80
98
58
49
14
49
82
26
24
81
77
99
7
100
38
95
57
48
15
72
81
9
100
89
27
80
82
96
100
67
69
100
99
76
99
97
100
22
70
74
92
87
88
47
95
27
100
95
45
33
90
7
86
90
74
29
99
86
4
64
58
80
22
79
76
97
91
7
89
81
93
27
100
37
2
85
100
82
4
100
49
45
87
84
66
100
27
96
100
29
100
81
92
77
79
13
84
100
2
94
46
20
99
61
100
82
31
71
30
77
100
87
89
6
49
56
100
51
56
95
64
51
65
33
97
89
89
100
100
98
29
4
77
69
59
81
100
7
100
94
90
87
74
99
70
65
4
28
61
62
71
99
33
100
40
32
38
61
59
100
94
96
89
38
79
18
99
92
12
92
47
62
96
100
47
77
95
92
100
91
57
95
68
100
100
31
99
100
100
100
79
76
43
65
25
20
96
100
100
5
92
13
100
39
67
91
87
29
32
57
9
95
75
77
47
46
100
13
94
21
68
72
99
81
100
64
63
98
40
98
95
70
94
4
100
53
81
96
80
0
52
63
62
85
91
11
63
84
83
97
15
36
87
86
85
70
72
94
53
15
79
96
32
71
34
76
95
66
93
50
45
3
89
72
96
92
17
81
55
90
67
85
100
20
15
100
46
91
99
97
100
72
75
23
89
93
60
95
90
74
83
74
53
87
97
84
72
100
77
56
98
65
50
80
9
70
3
42
71
72
17
66
27
47
74
56
59
9
15
17
96
5
25
20
92
59
36
99
95
92
96
68
100
82
54
4
99
85
85
68
100
90
58
77
97
94
100
90
74
54
87
57
100
100
100
97
100
2
16
40
100
85
32
23
73
100
100
100
20
25
100
46
35
96
86
41
100
82
100
69
17
62
9
95
75
98
45
58
94
72
78
98
95
28
4
38
90
29
32
39
84
47
5
62
80
66
99
100
100
100
44
96
97
58
27
70
75
82
3
100
100
100
51
82
87
16
79
86
82
98
100
70
96
73
73
76
96
20
85
100
25
100
100
98
96
36
70
98
100
86
24
24
95
65
91
75
90
22
10
81
25
42
20
93
6
74
80
44
0
84
90
100
29
89
82
100
87
60
48
100
48
99
62
49
93
47
100
100
7
22
31
51
100
53
78
74
86
69
37
3
92
98
98
65
98
42
63
55
38
100
79
11
50
91
6
100
36
84
49
51
99
36
37
97
73
93
100
12
100
57
94
45
83
10
64
51
100
49
93
94
69
100
100
62
76
25
100
0
9
28
8
78
13
82
100
94
83
100
88
43
93
27
99
28
63
95
58
100
96
2
57
46
65
100
100
97
65
98
99
32
23
100
100
87
21
25
87
100
84
98
35
82
51
19
80
59
99
100
98
33
45
76
40
69
87
2
84
70
52
91
96
96
67
92
93
15
79
39
68
77
92
81
6
83
57
99
100
7
48
81
98
30
90
6
33
78
99
58
86
88
24
39
94
100
91
99
100
62
85
60
47
36
94
100
15
56
74
30
100
100
9
94
99
42
0
68
78
1
8
0
100
85
24
77
100
50
50
20
56
51
82
58
86
94
84
80
100
90
63
100
31
25
86
90
99
86
60
61
59
54
100
83
90
49
99
39
89
94
100
25
46
59
94
9
100
88
97
19
58
85
60
100
100
56
97
66
13
74
17
98
98
91
88
40
69
99
99
99
99
45
70
99
90
68
99
98
92
90
3
7
19
21
30
88
99
91
85
27
83
95
28
94
75
38
31
99
13
99
83
96
81
73
8
77
67
85
17
99
79
22
80
100
87
35
45
73
87
9
80
93
99
41
62
87
14
99
89
32
89
66
54
89
67
38
100
92
99
86
86
38
100
32
60
57
100
91
100
95
73
99
99
9
100
86
90
99
99
100
14
82
71
33
100
65
98
98
37
86
44
100
98
95
94
71
34
59
26
28
4
24
5
17
28
99
99
46
97
47
66
44
100
41
94
99
50
89
99
91
14
36
16
